<?xml version="1.0" encoding="UTF-8"?>
<!-- Generated by org.testng.reporters.JUnitReportReporter -->
<testsuite hostname="DESKTOP-KAAR1N3" failures="0" tests="2" name="com.testcases.Login" time="7.221" errors="0" timestamp="2022-03-31T18:55:47 IST" skipped="0">
  <testcase classname="com.testcases.Login" name="LoginPage" time="6.636"/>
  <system-out/>
  <testcase classname="com.testcases.Login" name="LoginOut" time="0.585"/>
  <system-out/>
</testsuite> <!-- com.testcases.Login -->
