<?xml version="1.0" encoding="UTF-8"?>
<!-- Generated by org.testng.reporters.JUnitReportReporter -->
<testsuite hostname="DESKTOP-KAAR1N3" failures="0" tests="2" name="com.testcases.Login" time="7.811" errors="0" timestamp="2022-03-19T22:19:45 IST" skipped="0">
  <testcase classname="com.testcases.Login" name="LoginPage" time="7.004"/>
  <system-out/>
  <testcase classname="com.testcases.Login" name="LoginOut" time="0.807"/>
  <system-out/>
</testsuite> <!-- com.testcases.Login -->
